{"name":"hexo","hostname":"Dell","pid":18573,"level":20,"msg":"Hexo version: \u001b[35m3.2.0\u001b[39m","time":"2016-06-16T11:33:21.393Z","v":0}
{"name":"hexo","hostname":"Dell","pid":18573,"level":20,"msg":"Working directory: \u001b[35m~/code/blog/\u001b[39m","time":"2016-06-16T11:33:21.395Z","v":0}
{"name":"hexo","hostname":"Dell","pid":18573,"level":20,"msg":"Config loaded: \u001b[35m~/code/blog/_config.yml\u001b[39m","time":"2016-06-16T11:33:21.447Z","v":0}
{"name":"hexo","hostname":"Dell","pid":18573,"level":20,"msg":"Plugin loaded: \u001b[35mhexo-deployer-git\u001b[39m","time":"2016-06-16T11:33:21.546Z","v":0}
{"name":"hexo","hostname":"Dell","pid":18573,"level":20,"msg":"Plugin loaded: \u001b[35mhexo-generator-archive\u001b[39m","time":"2016-06-16T11:33:21.551Z","v":0}
{"name":"hexo","hostname":"Dell","pid":18573,"level":20,"msg":"Plugin loaded: \u001b[35mhexo-generator-category\u001b[39m","time":"2016-06-16T11:33:21.553Z","v":0}
{"name":"hexo","hostname":"Dell","pid":18573,"level":20,"msg":"Plugin loaded: \u001b[35mhexo-generator-feed\u001b[39m","time":"2016-06-16T11:33:21.571Z","v":0}
{"name":"hexo","hostname":"Dell","pid":18573,"level":20,"msg":"Plugin loaded: \u001b[35mhexo-generator-sitemap\u001b[39m","time":"2016-06-16T11:33:21.574Z","v":0}
{"name":"hexo","hostname":"Dell","pid":18573,"level":20,"msg":"Plugin loaded: \u001b[35mhexo-migrator-rss\u001b[39m","time":"2016-06-16T11:33:21.666Z","v":0}
{"name":"hexo","hostname":"Dell","pid":18573,"level":20,"msg":"Plugin loaded: \u001b[35mhexo-renderer-ejs\u001b[39m","time":"2016-06-16T11:33:21.669Z","v":0}
{"name":"hexo","hostname":"Dell","pid":18573,"level":20,"msg":"Plugin loaded: \u001b[35mhexo-renderer-stylus\u001b[39m","time":"2016-06-16T11:33:21.670Z","v":0}
{"name":"hexo","hostname":"Dell","pid":18573,"level":20,"msg":"Plugin loaded: \u001b[35mhexo-server\u001b[39m","time":"2016-06-16T11:33:21.724Z","v":0}
{"name":"hexo","hostname":"Dell","pid":18573,"level":20,"msg":"Plugin loaded: \u001b[35mhexo-generator-tag\u001b[39m","time":"2016-06-16T11:33:21.725Z","v":0}
{"name":"hexo","hostname":"Dell","pid":18573,"level":20,"msg":"Plugin loaded: \u001b[35mhexo-generator-index\u001b[39m","time":"2016-06-16T11:33:21.727Z","v":0}
{"name":"hexo","hostname":"Dell","pid":18573,"level":20,"msg":"Plugin loaded: \u001b[35mhexo-renderer-marked\u001b[39m","time":"2016-06-16T11:33:21.776Z","v":0}
{"name":"hexo","hostname":"Dell","pid":18573,"level":20,"msg":"Script loaded: \u001b[35mthemes/next/scripts/tags/full-image.js\u001b[39m","time":"2016-06-16T11:33:21.776Z","v":0}
{"name":"hexo","hostname":"Dell","pid":18573,"level":20,"msg":"Script loaded: \u001b[35mthemes/next/scripts/tags/center-quote.js\u001b[39m","time":"2016-06-16T11:33:21.777Z","v":0}
{"name":"hexo","hostname":"Dell","pid":18573,"level":20,"msg":"Script loaded: \u001b[35mthemes/next/scripts/merge-configs.js\u001b[39m","time":"2016-06-16T11:33:21.777Z","v":0}
{"name":"hexo","hostname":"Dell","pid":18573,"level":20,"msg":"Script loaded: \u001b[35mthemes/next/scripts/tags/group-pictures.js\u001b[39m","time":"2016-06-16T11:33:21.777Z","v":0}
{"name":"hexo","hostname":"Dell","pid":18573,"level":20,"msg":"Loading database.","time":"2016-06-16T11:33:21.783Z","v":0}
{"name":"hexo","hostname":"Dell","pid":18573,"level":30,"msg":"Start processing","time":"2016-06-16T11:33:21.788Z","v":0}
{"name":"hexo","hostname":"Dell","pid":18573,"level":20,"msg":"Theme config loaded.","time":"2016-06-16T11:33:21.943Z","v":0}
{"name":"hexo","hostname":"Dell","pid":18573,"level":20,"msg":"Processed: \u001b[35m_config.yml\u001b[39m","time":"2016-06-16T11:33:21.944Z","v":0}
{"name":"hexo","hostname":"Dell","pid":18573,"level":20,"msg":"Processed: \u001b[35msource/css/main.styl\u001b[39m","time":"2016-06-16T11:33:21.950Z","v":0}
{"name":"hexo","hostname":"Dell","pid":18573,"level":20,"msg":"Processed: \u001b[35msource/images/avatar.gif\u001b[39m","time":"2016-06-16T11:33:21.950Z","v":0}
{"name":"hexo","hostname":"Dell","pid":18573,"level":20,"msg":"Processed: \u001b[35msource/images/cc-by-nc-nd.svg\u001b[39m","time":"2016-06-16T11:33:21.950Z","v":0}
{"name":"hexo","hostname":"Dell","pid":18573,"level":20,"msg":"Processed: \u001b[35msource/images/cc-by-nc-sa.svg\u001b[39m","time":"2016-06-16T11:33:21.950Z","v":0}
{"name":"hexo","hostname":"Dell","pid":18573,"level":20,"msg":"Processed: \u001b[35msource/images/cc-by-nc.svg\u001b[39m","time":"2016-06-16T11:33:21.951Z","v":0}
{"name":"hexo","hostname":"Dell","pid":18573,"level":20,"msg":"Processed: \u001b[35msource/images/cc-by-nd.svg\u001b[39m","time":"2016-06-16T11:33:21.951Z","v":0}
{"name":"hexo","hostname":"Dell","pid":18573,"level":20,"msg":"Processed: \u001b[35msource/images/cc-by-sa.svg\u001b[39m","time":"2016-06-16T11:33:21.951Z","v":0}
{"name":"hexo","hostname":"Dell","pid":18573,"level":20,"msg":"Processed: \u001b[35msource/images/cc-by.svg\u001b[39m","time":"2016-06-16T11:33:21.951Z","v":0}
{"name":"hexo","hostname":"Dell","pid":18573,"level":20,"msg":"Processed: \u001b[35msource/images/cc-zero.svg\u001b[39m","time":"2016-06-16T11:33:21.952Z","v":0}
{"name":"hexo","hostname":"Dell","pid":18573,"level":20,"msg":"Processed: \u001b[35msource/images/loading.gif\u001b[39m","time":"2016-06-16T11:33:21.952Z","v":0}
{"name":"hexo","hostname":"Dell","pid":18573,"level":20,"msg":"Processed: \u001b[35msource/images/placeholder.gif\u001b[39m","time":"2016-06-16T11:33:21.952Z","v":0}
{"name":"hexo","hostname":"Dell","pid":18573,"level":20,"msg":"Processed: \u001b[35msource/images/quote-l.svg\u001b[39m","time":"2016-06-16T11:33:21.952Z","v":0}
{"name":"hexo","hostname":"Dell","pid":18573,"level":20,"msg":"Processed: \u001b[35msource/images/quote-r.svg\u001b[39m","time":"2016-06-16T11:33:21.952Z","v":0}
{"name":"hexo","hostname":"Dell","pid":18573,"level":20,"msg":"Processed: \u001b[35msource/images/searchicon.png\u001b[39m","time":"2016-06-16T11:33:21.952Z","v":0}
{"name":"hexo","hostname":"Dell","pid":18573,"level":20,"msg":"Processed: \u001b[35mcategories/index.md\u001b[39m","time":"2016-06-16T11:33:21.983Z","v":0}
{"name":"hexo","hostname":"Dell","pid":18573,"level":20,"msg":"Processed: \u001b[35mabout/index.md\u001b[39m","time":"2016-06-16T11:33:21.985Z","v":0}
{"name":"hexo","hostname":"Dell","pid":18573,"level":20,"msg":"Processed: \u001b[35mtags/index.md\u001b[39m","time":"2016-06-16T11:33:21.988Z","v":0}
{"name":"hexo","hostname":"Dell","pid":18573,"level":20,"msg":"Processed: \u001b[35m_drafts/2016-03-15-简历.md\u001b[39m","time":"2016-06-16T11:33:21.995Z","v":0}
{"name":"hexo","hostname":"Dell","pid":18573,"level":20,"msg":"Processed: \u001b[35m_drafts/2016-01-01-Android_flash布局.md\u001b[39m","time":"2016-06-16T11:33:22.001Z","v":0}
{"name":"hexo","hostname":"Dell","pid":18573,"level":20,"msg":"Processed: \u001b[35m_drafts/2016-01-01-Android启动模式.md\u001b[39m","time":"2016-06-16T11:33:22.003Z","v":0}
{"name":"hexo","hostname":"Dell","pid":18573,"level":20,"msg":"Processed: \u001b[35m_drafts/2016-01-01-template.md\u001b[39m","time":"2016-06-16T11:33:22.013Z","v":0}
{"name":"hexo","hostname":"Dell","pid":18573,"level":20,"msg":"Processed: \u001b[35m_drafts/2016-01-01-Android系统学习计划.md\u001b[39m","time":"2016-06-16T11:33:22.018Z","v":0}
{"name":"hexo","hostname":"Dell","pid":18573,"level":20,"msg":"Processed: \u001b[35m_drafts/2016-01-01-spacemacs.md\u001b[39m","time":"2016-06-16T11:33:22.020Z","v":0}
{"name":"hexo","hostname":"Dell","pid":18573,"level":20,"msg":"Processed: \u001b[35m_posts/2015-08-20-xargs用法详解.md\u001b[39m","time":"2016-06-16T11:33:22.034Z","v":0}
{"name":"hexo","hostname":"Dell","pid":18573,"level":20,"msg":"Processed: \u001b[35m_posts/2016-01-24-工具说_思维导图.md\u001b[39m","time":"2016-06-16T11:33:22.038Z","v":0}
{"name":"hexo","hostname":"Dell","pid":18573,"level":20,"msg":"Processed: \u001b[35m_posts/2016-01-30-工具说总序.md\u001b[39m","time":"2016-06-16T11:33:22.042Z","v":0}
{"name":"hexo","hostname":"Dell","pid":18573,"level":20,"msg":"Processed: \u001b[35m_posts/2015-09-02-Openwrt_LuCI模块练习详细步骤.md\u001b[39m","time":"2016-06-16T11:33:22.043Z","v":0}
{"name":"hexo","hostname":"Dell","pid":18573,"level":20,"msg":"Processed: \u001b[35m_posts/2016-02-08-事务管理GTD.md\u001b[39m","time":"2016-06-16T11:33:22.047Z","v":0}
{"name":"hexo","hostname":"Dell","pid":18573,"level":20,"msg":"Processed: \u001b[35m_posts/2016-02-27-pomotodo.md\u001b[39m","time":"2016-06-16T11:33:22.050Z","v":0}
{"name":"hexo","hostname":"Dell","pid":18573,"level":20,"msg":"Processed: \u001b[35m_posts/2016-03-05-Linux工具推荐.md\u001b[39m","time":"2016-06-16T11:33:22.051Z","v":0}
{"name":"hexo","hostname":"Dell","pid":18573,"level":20,"msg":"Processed: \u001b[35m_posts/2016-04-17-请假.md\u001b[39m","time":"2016-06-16T11:33:22.051Z","v":0}
{"name":"hexo","hostname":"Dell","pid":18573,"level":20,"msg":"Processed: \u001b[35m_posts/2016-03-12-dotfiles总述.md\u001b[39m","time":"2016-06-16T11:33:22.052Z","v":0}
{"name":"hexo","hostname":"Dell","pid":18573,"level":20,"msg":"Processed: \u001b[35m_posts/2016-03-27-平铺窗口管理器i3.md\u001b[39m","time":"2016-06-16T11:33:22.052Z","v":0}
{"name":"hexo","hostname":"Dell","pid":18573,"level":20,"msg":"Processed: \u001b[35m_posts/2016-03-19-翻墙之我见.md\u001b[39m","time":"2016-06-16T11:33:22.052Z","v":0}
{"name":"hexo","hostname":"Dell","pid":18573,"level":20,"msg":"Processed: \u001b[35m_posts/2016-04-09-我的chrome_插件篇.md\u001b[39m","time":"2016-06-16T11:33:22.053Z","v":0}
{"name":"hexo","hostname":"Dell","pid":18573,"level":20,"msg":"Processed: \u001b[35m_posts/2016-04-02-窗口管理器i3续.md\u001b[39m","time":"2016-06-16T11:33:22.053Z","v":0}
{"name":"hexo","hostname":"Dell","pid":18573,"level":20,"msg":"Processed: \u001b[35m_posts/2015-12-20-我的Makefile学习冲动and编译过程概述.md\u001b[39m","time":"2016-06-16T11:33:22.053Z","v":0}
{"name":"hexo","hostname":"Dell","pid":18573,"level":20,"msg":"Processed: \u001b[35m_posts/2015-12-13-openwrt源码目录概述.md\u001b[39m","time":"2016-06-16T11:33:22.054Z","v":0}
{"name":"hexo","hostname":"Dell","pid":18573,"level":20,"msg":"Processed: \u001b[35m_posts/2015-08-31-helloworld-ipk.md\u001b[39m","time":"2016-06-16T11:33:22.054Z","v":0}
{"name":"hexo","hostname":"Dell","pid":18573,"level":20,"msg":"Processed: \u001b[35m_posts/2015-12-26-openwrt主Makefile解析.md\u001b[39m","time":"2016-06-16T11:33:22.055Z","v":0}
{"name":"hexo","hostname":"Dell","pid":18573,"level":20,"msg":"Processed: \u001b[35m_posts/2016-01-03-openwrt单个ipk编译过程.md\u001b[39m","time":"2016-06-16T11:33:22.056Z","v":0}
{"name":"hexo","hostname":"Dell","pid":18573,"level":20,"msg":"Processed: \u001b[35m_posts/2016-01-17-第一个lxc容器.md\u001b[39m","time":"2016-06-16T11:33:22.056Z","v":0}
{"name":"hexo","hostname":"Dell","pid":18573,"level":20,"msg":"Processed: \u001b[35m_posts/2016-01-10-openwrt打包过程.md\u001b[39m","time":"2016-06-16T11:33:22.057Z","v":0}
{"name":"hexo","hostname":"Dell","pid":18573,"level":20,"msg":"Processed: \u001b[35mlayout/_layout.swig\u001b[39m","time":"2016-06-16T11:33:22.157Z","v":0}
{"name":"hexo","hostname":"Dell","pid":18573,"level":20,"msg":"Processed: \u001b[35mlayout/archive.swig\u001b[39m","time":"2016-06-16T11:33:22.157Z","v":0}
{"name":"hexo","hostname":"Dell","pid":18573,"level":20,"msg":"Processed: \u001b[35mlayout/category.swig\u001b[39m","time":"2016-06-16T11:33:22.158Z","v":0}
{"name":"hexo","hostname":"Dell","pid":18573,"level":20,"msg":"Processed: \u001b[35mlayout/index.swig\u001b[39m","time":"2016-06-16T11:33:22.158Z","v":0}
{"name":"hexo","hostname":"Dell","pid":18573,"level":20,"msg":"Processed: \u001b[35mlayout/page.swig\u001b[39m","time":"2016-06-16T11:33:22.158Z","v":0}
{"name":"hexo","hostname":"Dell","pid":18573,"level":20,"msg":"Processed: \u001b[35mlayout/tag.swig\u001b[39m","time":"2016-06-16T11:33:22.158Z","v":0}
{"name":"hexo","hostname":"Dell","pid":18573,"level":20,"msg":"Processed: \u001b[35mlayout/post.swig\u001b[39m","time":"2016-06-16T11:33:22.158Z","v":0}
{"name":"hexo","hostname":"Dell","pid":18573,"level":20,"msg":"Processed: \u001b[35mlanguages/de.yml\u001b[39m","time":"2016-06-16T11:33:22.160Z","v":0}
{"name":"hexo","hostname":"Dell","pid":18573,"level":20,"msg":"Processed: \u001b[35mlanguages/en.yml\u001b[39m","time":"2016-06-16T11:33:22.160Z","v":0}
{"name":"hexo","hostname":"Dell","pid":18573,"level":20,"msg":"Processed: \u001b[35mlanguages/fr-FR.yml\u001b[39m","time":"2016-06-16T11:33:22.160Z","v":0}
{"name":"hexo","hostname":"Dell","pid":18573,"level":20,"msg":"Processed: \u001b[35mlanguages/default.yml\u001b[39m","time":"2016-06-16T11:33:22.160Z","v":0}
{"name":"hexo","hostname":"Dell","pid":18573,"level":20,"msg":"Processed: \u001b[35mlanguages/id.yml\u001b[39m","time":"2016-06-16T11:33:22.160Z","v":0}
{"name":"hexo","hostname":"Dell","pid":18573,"level":20,"msg":"Processed: \u001b[35mlanguages/pt.yml\u001b[39m","time":"2016-06-16T11:33:22.160Z","v":0}
{"name":"hexo","hostname":"Dell","pid":18573,"level":20,"msg":"Processed: \u001b[35mlanguages/ja.yml\u001b[39m","time":"2016-06-16T11:33:22.160Z","v":0}
{"name":"hexo","hostname":"Dell","pid":18573,"level":20,"msg":"Processed: \u001b[35mlanguages/zh-hk.yml\u001b[39m","time":"2016-06-16T11:33:22.161Z","v":0}
{"name":"hexo","hostname":"Dell","pid":18573,"level":20,"msg":"Processed: \u001b[35mlanguages/zh-Hans.yml\u001b[39m","time":"2016-06-16T11:33:22.161Z","v":0}
{"name":"hexo","hostname":"Dell","pid":18573,"level":20,"msg":"Processed: \u001b[35mlanguages/ru.yml\u001b[39m","time":"2016-06-16T11:33:22.161Z","v":0}
{"name":"hexo","hostname":"Dell","pid":18573,"level":20,"msg":"Processed: \u001b[35mlanguages/zh-tw.yml\u001b[39m","time":"2016-06-16T11:33:22.161Z","v":0}
{"name":"hexo","hostname":"Dell","pid":18573,"level":20,"msg":"Processed: \u001b[35msource/js/src/affix.js\u001b[39m","time":"2016-06-16T11:33:22.166Z","v":0}
{"name":"hexo","hostname":"Dell","pid":18573,"level":20,"msg":"Processed: \u001b[35msource/js/src/bootstrap.js\u001b[39m","time":"2016-06-16T11:33:22.167Z","v":0}
{"name":"hexo","hostname":"Dell","pid":18573,"level":20,"msg":"Processed: \u001b[35msource/js/src/hook-duoshuo.js\u001b[39m","time":"2016-06-16T11:33:22.167Z","v":0}
{"name":"hexo","hostname":"Dell","pid":18573,"level":20,"msg":"Processed: \u001b[35msource/js/src/motion.js\u001b[39m","time":"2016-06-16T11:33:22.168Z","v":0}
{"name":"hexo","hostname":"Dell","pid":18573,"level":20,"msg":"Processed: \u001b[35msource/js/src/post-details.js\u001b[39m","time":"2016-06-16T11:33:22.168Z","v":0}
{"name":"hexo","hostname":"Dell","pid":18573,"level":20,"msg":"Processed: \u001b[35msource/js/src/scrollspy.js\u001b[39m","time":"2016-06-16T11:33:22.168Z","v":0}
{"name":"hexo","hostname":"Dell","pid":18573,"level":20,"msg":"Processed: \u001b[35msource/js/src/utils.js\u001b[39m","time":"2016-06-16T11:33:22.168Z","v":0}
{"name":"hexo","hostname":"Dell","pid":18573,"level":20,"msg":"Processed: \u001b[35msource/vendors/fastclick/LICENSE\u001b[39m","time":"2016-06-16T11:33:22.169Z","v":0}
{"name":"hexo","hostname":"Dell","pid":18573,"level":20,"msg":"Processed: \u001b[35msource/vendors/fastclick/README.md\u001b[39m","time":"2016-06-16T11:33:22.169Z","v":0}
{"name":"hexo","hostname":"Dell","pid":18573,"level":20,"msg":"Processed: \u001b[35msource/vendors/fastclick/bower.json\u001b[39m","time":"2016-06-16T11:33:22.169Z","v":0}
{"name":"hexo","hostname":"Dell","pid":18573,"level":20,"msg":"Processed: \u001b[35msource/vendors/font-awesome/HELP-US-OUT.txt\u001b[39m","time":"2016-06-16T11:33:22.169Z","v":0}
{"name":"hexo","hostname":"Dell","pid":18573,"level":20,"msg":"Processed: \u001b[35msource/vendors/font-awesome/bower.json\u001b[39m","time":"2016-06-16T11:33:22.169Z","v":0}
{"name":"hexo","hostname":"Dell","pid":18573,"level":20,"msg":"Processed: \u001b[35msource/vendors/jquery_lazyload/CONTRIBUTING.md\u001b[39m","time":"2016-06-16T11:33:22.170Z","v":0}
{"name":"hexo","hostname":"Dell","pid":18573,"level":20,"msg":"Processed: \u001b[35msource/vendors/jquery_lazyload/README.md\u001b[39m","time":"2016-06-16T11:33:22.170Z","v":0}
{"name":"hexo","hostname":"Dell","pid":18573,"level":20,"msg":"Processed: \u001b[35msource/vendors/jquery_lazyload/bower.json\u001b[39m","time":"2016-06-16T11:33:22.170Z","v":0}
{"name":"hexo","hostname":"Dell","pid":18573,"level":20,"msg":"Processed: \u001b[35msource/vendors/jquery_lazyload/jquery.lazyload.js\u001b[39m","time":"2016-06-16T11:33:22.170Z","v":0}
{"name":"hexo","hostname":"Dell","pid":18573,"level":20,"msg":"Processed: \u001b[35msource/vendors/jquery_lazyload/jquery.scrollstop.js\u001b[39m","time":"2016-06-16T11:33:22.170Z","v":0}
{"name":"hexo","hostname":"Dell","pid":18573,"level":20,"msg":"Processed: \u001b[35msource/vendors/velocity/bower.json\u001b[39m","time":"2016-06-16T11:33:22.171Z","v":0}
{"name":"hexo","hostname":"Dell","pid":18573,"level":20,"msg":"Processed: \u001b[35msource/vendors/velocity/velocity.min.js\u001b[39m","time":"2016-06-16T11:33:22.171Z","v":0}
{"name":"hexo","hostname":"Dell","pid":18573,"level":20,"msg":"Processed: \u001b[35msource/vendors/velocity/velocity.ui.js\u001b[39m","time":"2016-06-16T11:33:22.171Z","v":0}
{"name":"hexo","hostname":"Dell","pid":18573,"level":20,"msg":"Processed: \u001b[35msource/vendors/velocity/velocity.ui.min.js\u001b[39m","time":"2016-06-16T11:33:22.171Z","v":0}
{"name":"hexo","hostname":"Dell","pid":18573,"level":20,"msg":"Processed: \u001b[35msearch/index.md\u001b[39m","time":"2016-06-16T11:33:22.183Z","v":0}
{"name":"hexo","hostname":"Dell","pid":18573,"level":20,"msg":"Processed: \u001b[35m_posts/2016-04-23-我的chrome(续).md\u001b[39m","time":"2016-06-16T11:33:22.183Z","v":0}
{"name":"hexo","hostname":"Dell","pid":18573,"level":20,"msg":"Processed: \u001b[35msource/vendors/jquery/index.js\u001b[39m","time":"2016-06-16T11:33:22.183Z","v":0}
{"name":"hexo","hostname":"Dell","pid":18573,"level":20,"msg":"Processed: \u001b[35mlayout/_macro/post-collapse.swig\u001b[39m","time":"2016-06-16T11:33:22.223Z","v":0}
{"name":"hexo","hostname":"Dell","pid":18573,"level":20,"msg":"Processed: \u001b[35mlayout/_macro/post.swig\u001b[39m","time":"2016-06-16T11:33:22.223Z","v":0}
{"name":"hexo","hostname":"Dell","pid":18573,"level":20,"msg":"Processed: \u001b[35mlayout/_macro/reward.swig\u001b[39m","time":"2016-06-16T11:33:22.223Z","v":0}
{"name":"hexo","hostname":"Dell","pid":18573,"level":20,"msg":"Processed: \u001b[35mlayout/_macro/sidebar.swig\u001b[39m","time":"2016-06-16T11:33:22.223Z","v":0}
{"name":"hexo","hostname":"Dell","pid":18573,"level":20,"msg":"Processed: \u001b[35mlayout/_macro/wechat-subscriber.swig\u001b[39m","time":"2016-06-16T11:33:22.223Z","v":0}
{"name":"hexo","hostname":"Dell","pid":18573,"level":20,"msg":"Processed: \u001b[35mlayout/_partials/comments.swig\u001b[39m","time":"2016-06-16T11:33:22.223Z","v":0}
{"name":"hexo","hostname":"Dell","pid":18573,"level":20,"msg":"Processed: \u001b[35mlayout/_partials/head.swig\u001b[39m","time":"2016-06-16T11:33:22.223Z","v":0}
{"name":"hexo","hostname":"Dell","pid":18573,"level":20,"msg":"Processed: \u001b[35mlayout/_partials/header.swig\u001b[39m","time":"2016-06-16T11:33:22.223Z","v":0}
{"name":"hexo","hostname":"Dell","pid":18573,"level":20,"msg":"Processed: \u001b[35mlayout/_partials/duoshuo-hot-articles.swig\u001b[39m","time":"2016-06-16T11:33:22.223Z","v":0}
{"name":"hexo","hostname":"Dell","pid":18573,"level":20,"msg":"Processed: \u001b[35mlayout/_partials/footer.swig\u001b[39m","time":"2016-06-16T11:33:22.223Z","v":0}
{"name":"hexo","hostname":"Dell","pid":18573,"level":20,"msg":"Processed: \u001b[35mlayout/_partials/pagination.swig\u001b[39m","time":"2016-06-16T11:33:22.223Z","v":0}
{"name":"hexo","hostname":"Dell","pid":18573,"level":20,"msg":"Processed: \u001b[35mlayout/_partials/search.swig\u001b[39m","time":"2016-06-16T11:33:22.223Z","v":0}
{"name":"hexo","hostname":"Dell","pid":18573,"level":20,"msg":"Processed: \u001b[35mlayout/_scripts/baidu-push.swig\u001b[39m","time":"2016-06-16T11:33:22.223Z","v":0}
{"name":"hexo","hostname":"Dell","pid":18573,"level":20,"msg":"Processed: \u001b[35mlayout/_scripts/commons.swig\u001b[39m","time":"2016-06-16T11:33:22.223Z","v":0}
{"name":"hexo","hostname":"Dell","pid":18573,"level":20,"msg":"Processed: \u001b[35mlayout/_scripts/boostrap.swig\u001b[39m","time":"2016-06-16T11:33:22.223Z","v":0}
{"name":"hexo","hostname":"Dell","pid":18573,"level":20,"msg":"Processed: \u001b[35mlayout/_scripts/vendors.swig\u001b[39m","time":"2016-06-16T11:33:22.223Z","v":0}
{"name":"hexo","hostname":"Dell","pid":18573,"level":20,"msg":"Processed: \u001b[35msource/js/src/schemes/pisces.js\u001b[39m","time":"2016-06-16T11:33:22.227Z","v":0}
{"name":"hexo","hostname":"Dell","pid":18573,"level":20,"msg":"Processed: \u001b[35msource/vendors/fancybox/source/blank.gif\u001b[39m","time":"2016-06-16T11:33:22.227Z","v":0}
{"name":"hexo","hostname":"Dell","pid":18573,"level":20,"msg":"Processed: \u001b[35msource/vendors/fancybox/source/fancybox_loading.gif\u001b[39m","time":"2016-06-16T11:33:22.227Z","v":0}
{"name":"hexo","hostname":"Dell","pid":18573,"level":20,"msg":"Processed: \u001b[35msource/vendors/fancybox/source/fancybox_loading@2x.gif\u001b[39m","time":"2016-06-16T11:33:22.228Z","v":0}
{"name":"hexo","hostname":"Dell","pid":18573,"level":20,"msg":"Processed: \u001b[35msource/vendors/fancybox/source/fancybox_overlay.png\u001b[39m","time":"2016-06-16T11:33:22.228Z","v":0}
{"name":"hexo","hostname":"Dell","pid":18573,"level":20,"msg":"Processed: \u001b[35msource/vendors/fancybox/source/fancybox_sprite.png\u001b[39m","time":"2016-06-16T11:33:22.228Z","v":0}
{"name":"hexo","hostname":"Dell","pid":18573,"level":20,"msg":"Processed: \u001b[35msource/vendors/fancybox/source/fancybox_sprite@2x.png\u001b[39m","time":"2016-06-16T11:33:22.228Z","v":0}
{"name":"hexo","hostname":"Dell","pid":18573,"level":20,"msg":"Processed: \u001b[35msource/vendors/fancybox/source/jquery.fancybox.css\u001b[39m","time":"2016-06-16T11:33:22.229Z","v":0}
{"name":"hexo","hostname":"Dell","pid":18573,"level":20,"msg":"Processed: \u001b[35msource/vendors/fancybox/source/jquery.fancybox.js\u001b[39m","time":"2016-06-16T11:33:22.229Z","v":0}
{"name":"hexo","hostname":"Dell","pid":18573,"level":20,"msg":"Processed: \u001b[35msource/vendors/fancybox/source/jquery.fancybox.pack.js\u001b[39m","time":"2016-06-16T11:33:22.229Z","v":0}
{"name":"hexo","hostname":"Dell","pid":18573,"level":20,"msg":"Processed: \u001b[35msource/vendors/fastclick/lib/fastclick.js\u001b[39m","time":"2016-06-16T11:33:22.230Z","v":0}
{"name":"hexo","hostname":"Dell","pid":18573,"level":20,"msg":"Processed: \u001b[35msource/vendors/fastclick/lib/fastclick.min.js\u001b[39m","time":"2016-06-16T11:33:22.230Z","v":0}
{"name":"hexo","hostname":"Dell","pid":18573,"level":20,"msg":"Processed: \u001b[35msource/vendors/font-awesome/css/font-awesome.css\u001b[39m","time":"2016-06-16T11:33:22.230Z","v":0}
{"name":"hexo","hostname":"Dell","pid":18573,"level":20,"msg":"Processed: \u001b[35msource/vendors/font-awesome/css/font-awesome.css.map\u001b[39m","time":"2016-06-16T11:33:22.231Z","v":0}
{"name":"hexo","hostname":"Dell","pid":18573,"level":20,"msg":"Processed: \u001b[35msource/vendors/font-awesome/css/font-awesome.min.css\u001b[39m","time":"2016-06-16T11:33:22.231Z","v":0}
{"name":"hexo","hostname":"Dell","pid":18573,"level":20,"msg":"Processed: \u001b[35msource/vendors/font-awesome/fonts/fontawesome-webfont.woff2\u001b[39m","time":"2016-06-16T11:33:22.231Z","v":0}
{"name":"hexo","hostname":"Dell","pid":18573,"level":20,"msg":"Processed: \u001b[35msource/vendors/ua-parser-js/dist/ua-parser.min.js\u001b[39m","time":"2016-06-16T11:33:22.231Z","v":0}
{"name":"hexo","hostname":"Dell","pid":18573,"level":20,"msg":"Processed: \u001b[35msource/vendors/ua-parser-js/dist/ua-parser.pack.js\u001b[39m","time":"2016-06-16T11:33:22.231Z","v":0}
{"name":"hexo","hostname":"Dell","pid":18573,"level":20,"msg":"Processed: \u001b[35mlayout/_scripts/schemes/muse.swig\u001b[39m","time":"2016-06-16T11:33:22.234Z","v":0}
{"name":"hexo","hostname":"Dell","pid":18573,"level":20,"msg":"Processed: \u001b[35mlayout/_scripts/schemes/mist.swig\u001b[39m","time":"2016-06-16T11:33:22.234Z","v":0}
{"name":"hexo","hostname":"Dell","pid":18573,"level":20,"msg":"Processed: \u001b[35msource/vendors/font-awesome/fonts/FontAwesome.otf\u001b[39m","time":"2016-06-16T11:33:22.237Z","v":0}
{"name":"hexo","hostname":"Dell","pid":18573,"level":20,"msg":"Processed: \u001b[35msource/vendors/font-awesome/fonts/fontawesome-webfont.eot\u001b[39m","time":"2016-06-16T11:33:22.237Z","v":0}
{"name":"hexo","hostname":"Dell","pid":18573,"level":20,"msg":"Processed: \u001b[35msource/vendors/font-awesome/fonts/fontawesome-webfont.woff\u001b[39m","time":"2016-06-16T11:33:22.238Z","v":0}
{"name":"hexo","hostname":"Dell","pid":18573,"level":20,"msg":"Processed: \u001b[35msource/vendors/velocity/velocity.js\u001b[39m","time":"2016-06-16T11:33:22.238Z","v":0}
{"name":"hexo","hostname":"Dell","pid":18573,"level":20,"msg":"Processed: \u001b[35m_drafts/2016-04-30-Linux注入之目录.md\u001b[39m","time":"2016-06-16T11:33:22.239Z","v":0}
{"name":"hexo","hostname":"Dell","pid":18573,"level":20,"msg":"Processed: \u001b[35mlayout/_partials/search/localsearch.swig\u001b[39m","time":"2016-06-16T11:33:22.286Z","v":0}
{"name":"hexo","hostname":"Dell","pid":18573,"level":20,"msg":"Processed: \u001b[35mlayout/_partials/head/external-fonts.swig\u001b[39m","time":"2016-06-16T11:33:22.286Z","v":0}
{"name":"hexo","hostname":"Dell","pid":18573,"level":20,"msg":"Processed: \u001b[35mlayout/_partials/search/swiftype.swig\u001b[39m","time":"2016-06-16T11:33:22.286Z","v":0}
{"name":"hexo","hostname":"Dell","pid":18573,"level":20,"msg":"Processed: \u001b[35mlayout/_partials/share/add-this.swig\u001b[39m","time":"2016-06-16T11:33:22.286Z","v":0}
{"name":"hexo","hostname":"Dell","pid":18573,"level":20,"msg":"Processed: \u001b[35mlayout/_partials/search/tinysou.swig\u001b[39m","time":"2016-06-16T11:33:22.286Z","v":0}
{"name":"hexo","hostname":"Dell","pid":18573,"level":20,"msg":"Processed: \u001b[35mlayout/_partials/share/baidushare.swig\u001b[39m","time":"2016-06-16T11:33:22.286Z","v":0}
{"name":"hexo","hostname":"Dell","pid":18573,"level":20,"msg":"Processed: \u001b[35mlayout/_partials/share/duoshuo_share.swig\u001b[39m","time":"2016-06-16T11:33:22.286Z","v":0}
{"name":"hexo","hostname":"Dell","pid":18573,"level":20,"msg":"Processed: \u001b[35mlayout/_scripts/pages/post-details.swig\u001b[39m","time":"2016-06-16T11:33:22.286Z","v":0}
{"name":"hexo","hostname":"Dell","pid":18573,"level":20,"msg":"Processed: \u001b[35mlayout/_partials/share/jiathis.swig\u001b[39m","time":"2016-06-16T11:33:22.286Z","v":0}
{"name":"hexo","hostname":"Dell","pid":18573,"level":20,"msg":"Processed: \u001b[35mlayout/_scripts/third-party/comments.swig\u001b[39m","time":"2016-06-16T11:33:22.286Z","v":0}
{"name":"hexo","hostname":"Dell","pid":18573,"level":20,"msg":"Processed: \u001b[35mlayout/_scripts/schemes/pisces.swig\u001b[39m","time":"2016-06-16T11:33:22.286Z","v":0}
{"name":"hexo","hostname":"Dell","pid":18573,"level":20,"msg":"Processed: \u001b[35mlayout/_scripts/third-party/analytics.swig\u001b[39m","time":"2016-06-16T11:33:22.287Z","v":0}
{"name":"hexo","hostname":"Dell","pid":18573,"level":20,"msg":"Processed: \u001b[35mlayout/_scripts/third-party/lean-analytics.swig\u001b[39m","time":"2016-06-16T11:33:22.287Z","v":0}
{"name":"hexo","hostname":"Dell","pid":18573,"level":20,"msg":"Processed: \u001b[35mlayout/_scripts/third-party/localsearch.swig\u001b[39m","time":"2016-06-16T11:33:22.287Z","v":0}
{"name":"hexo","hostname":"Dell","pid":18573,"level":20,"msg":"Processed: \u001b[35mlayout/_scripts/third-party/mathjax.swig\u001b[39m","time":"2016-06-16T11:33:22.287Z","v":0}
{"name":"hexo","hostname":"Dell","pid":18573,"level":20,"msg":"Processed: \u001b[35mlayout/_scripts/third-party/tinysou.swig\u001b[39m","time":"2016-06-16T11:33:22.287Z","v":0}
{"name":"hexo","hostname":"Dell","pid":18573,"level":20,"msg":"Processed: \u001b[35msource/vendors/fancybox/source/helpers/fancybox_buttons.png\u001b[39m","time":"2016-06-16T11:33:22.290Z","v":0}
{"name":"hexo","hostname":"Dell","pid":18573,"level":20,"msg":"Processed: \u001b[35msource/vendors/fancybox/source/helpers/jquery.fancybox-buttons.css\u001b[39m","time":"2016-06-16T11:33:22.291Z","v":0}
{"name":"hexo","hostname":"Dell","pid":18573,"level":20,"msg":"Processed: \u001b[35msource/vendors/fancybox/source/helpers/jquery.fancybox-buttons.js\u001b[39m","time":"2016-06-16T11:33:22.291Z","v":0}
{"name":"hexo","hostname":"Dell","pid":18573,"level":20,"msg":"Processed: \u001b[35msource/vendors/fancybox/source/helpers/jquery.fancybox-media.js\u001b[39m","time":"2016-06-16T11:33:22.291Z","v":0}
{"name":"hexo","hostname":"Dell","pid":18573,"level":20,"msg":"Processed: \u001b[35msource/vendors/fancybox/source/helpers/jquery.fancybox-thumbs.css\u001b[39m","time":"2016-06-16T11:33:22.291Z","v":0}
{"name":"hexo","hostname":"Dell","pid":18573,"level":20,"msg":"Processed: \u001b[35msource/vendors/fancybox/source/helpers/jquery.fancybox-thumbs.js\u001b[39m","time":"2016-06-16T11:33:22.292Z","v":0}
{"name":"hexo","hostname":"Dell","pid":18573,"level":20,"msg":"Processed: \u001b[35msource/vendors/font-awesome/fonts/fontawesome-webfont.ttf\u001b[39m","time":"2016-06-16T11:33:22.292Z","v":0}
{"name":"hexo","hostname":"Dell","pid":18573,"level":20,"msg":"Processed: \u001b[35mlayout/_scripts/third-party/analytics/baidu-analytics.swig\u001b[39m","time":"2016-06-16T11:33:22.298Z","v":0}
{"name":"hexo","hostname":"Dell","pid":18573,"level":20,"msg":"Processed: \u001b[35mlayout/_scripts/third-party/analytics/cnzz-analytics.swig\u001b[39m","time":"2016-06-16T11:33:22.298Z","v":0}
{"name":"hexo","hostname":"Dell","pid":18573,"level":20,"msg":"Processed: \u001b[35mlayout/_scripts/third-party/analytics/facebook-sdk.swig\u001b[39m","time":"2016-06-16T11:33:22.298Z","v":0}
{"name":"hexo","hostname":"Dell","pid":18573,"level":20,"msg":"Processed: \u001b[35mlayout/_scripts/third-party/analytics/google-analytics.swig\u001b[39m","time":"2016-06-16T11:33:22.298Z","v":0}
{"name":"hexo","hostname":"Dell","pid":18573,"level":20,"msg":"Processed: \u001b[35mlayout/_scripts/third-party/comments/disqus.swig\u001b[39m","time":"2016-06-16T11:33:22.298Z","v":0}
{"name":"hexo","hostname":"Dell","pid":18573,"level":20,"msg":"Processed: \u001b[35mlayout/_scripts/third-party/comments/duoshuo.swig\u001b[39m","time":"2016-06-16T11:33:22.299Z","v":0}
{"name":"hexo","hostname":"Dell","pid":18573,"level":20,"msg":"Processed: \u001b[35mlayout/_scripts/third-party/analytics/tencent-analytics.swig\u001b[39m","time":"2016-06-16T11:33:22.299Z","v":0}
{"name":"hexo","hostname":"Dell","pid":18573,"level":20,"msg":"Processed: \u001b[35mlayout/_scripts/third-party/analytics/busuanzi-counter.swig\u001b[39m","time":"2016-06-16T11:33:22.299Z","v":0}
{"name":"hexo","hostname":"Dell","pid":18573,"level":20,"msg":"Processed: \u001b[35msource/vendors/font-awesome/fonts/fontawesome-webfont.svg\u001b[39m","time":"2016-06-16T11:33:22.299Z","v":0}
{"name":"hexo","hostname":"Dell","pid":18573,"level":20,"msg":"Generator: \u001b[35mpage\u001b[39m","time":"2016-06-16T11:33:22.919Z","v":0}
{"name":"hexo","hostname":"Dell","pid":18573,"level":20,"msg":"Generator: \u001b[35mpost\u001b[39m","time":"2016-06-16T11:33:22.919Z","v":0}
{"name":"hexo","hostname":"Dell","pid":18573,"level":20,"msg":"Generator: \u001b[35marchive\u001b[39m","time":"2016-06-16T11:33:22.919Z","v":0}
{"name":"hexo","hostname":"Dell","pid":18573,"level":20,"msg":"Generator: \u001b[35mcategory\u001b[39m","time":"2016-06-16T11:33:22.919Z","v":0}
{"name":"hexo","hostname":"Dell","pid":18573,"level":20,"msg":"Generator: \u001b[35mfeed\u001b[39m","time":"2016-06-16T11:33:22.919Z","v":0}
{"name":"hexo","hostname":"Dell","pid":18573,"level":20,"msg":"Generator: \u001b[35msitemap\u001b[39m","time":"2016-06-16T11:33:22.919Z","v":0}
{"name":"hexo","hostname":"Dell","pid":18573,"level":20,"msg":"Generator: \u001b[35mtag\u001b[39m","time":"2016-06-16T11:33:22.919Z","v":0}
{"name":"hexo","hostname":"Dell","pid":18573,"level":20,"msg":"Generator: \u001b[35mindex\u001b[39m","time":"2016-06-16T11:33:22.919Z","v":0}
{"name":"hexo","hostname":"Dell","pid":18573,"level":20,"msg":"Generator: \u001b[35masset\u001b[39m","time":"2016-06-16T11:33:22.920Z","v":0}
{"name":"hexo","hostname":"Dell","pid":18573,"level":30,"msg":"Hexo is running at \u001b[4mhttp://0.0.0.0:4000/blog/\u001b[24m. Press Ctrl+C to stop.","time":"2016-06-16T11:33:22.945Z","v":0}
{"name":"hexo","hostname":"Dell","pid":18573,"level":20,"msg":"Database saved","time":"2016-06-16T11:33:22.964Z","v":0}
{"name":"hexo","hostname":"Dell","pid":18573,"level":20,"msg":"Rendering index: \u001b[35mindex.html\u001b[39m","time":"2016-06-16T11:33:36.859Z","v":0}
{"name":"hexo","hostname":"Dell","pid":18573,"level":20,"msg":"Rendering index: \u001b[35mpage/2/index.html\u001b[39m","time":"2016-06-16T11:33:38.395Z","v":0}
{"name":"hexo","hostname":"Dell","pid":18573,"level":20,"msg":"Rendering post: \u001b[35m2016/04/23/我的chrome(续)/index.html\u001b[39m","time":"2016-06-16T11:33:46.887Z","v":0}
{"name":"hexo","hostname":"Dell","pid":18573,"level":20,"msg":"Rendering index: \u001b[35mindex.html\u001b[39m","time":"2016-06-16T11:34:09.279Z","v":0}
{"name":"hexo","hostname":"Dell","pid":18573,"level":20,"msg":"Rendering index: \u001b[35mpage/2/index.html\u001b[39m","time":"2016-06-16T11:34:09.914Z","v":0}
{"name":"hexo","hostname":"Dell","pid":18573,"level":30,"msg":"See you again","time":"2016-06-16T11:34:18.427Z","v":0}
{"name":"hexo","hostname":"Dell","pid":18573,"level":20,"msg":"Database saved","time":"2016-06-16T11:34:18.465Z","v":0}
