0 info it worked if it ends with ok
1 verbose cli [ '/usr/bin/nodejs', '/usr/bin/npm', 'install', '-g', 'hexo-cli' ]
2 info using npm@1.3.10
3 info using node@v0.10.25
4 verbose cache add [ 'hexo-cli', null ]
5 verbose cache add name=undefined spec="hexo-cli" args=["hexo-cli",null]
6 verbose parsed url { protocol: null,
6 verbose parsed url   slashes: null,
6 verbose parsed url   auth: null,
6 verbose parsed url   host: null,
6 verbose parsed url   port: null,
6 verbose parsed url   hostname: null,
6 verbose parsed url   hash: null,
6 verbose parsed url   search: null,
6 verbose parsed url   query: null,
6 verbose parsed url   pathname: 'hexo-cli',
6 verbose parsed url   path: 'hexo-cli',
6 verbose parsed url   href: 'hexo-cli' }
7 silly lockFile 48f79efe-hexo-cli hexo-cli
8 verbose lock hexo-cli /home/chengyi/.npm/48f79efe-hexo-cli.lock
9 silly lockFile 48f79efe-hexo-cli hexo-cli
10 silly lockFile 48f79efe-hexo-cli hexo-cli
11 verbose addNamed [ 'hexo-cli', '' ]
12 verbose addNamed [ null, '*' ]
13 silly lockFile f0acc666-hexo-cli hexo-cli@
14 verbose lock hexo-cli@ /home/chengyi/.npm/f0acc666-hexo-cli.lock
15 silly addNameRange { name: 'hexo-cli', range: '*', hasData: false }
16 verbose url raw hexo-cli
17 verbose url resolving [ 'https://registry.npmjs.org/', './hexo-cli' ]
18 verbose url resolved https://registry.npmjs.org/hexo-cli
19 info trying registry request attempt 1 at 19:59:20
20 http GET https://registry.npmjs.org/hexo-cli
21 info retry will retry, error on last attempt: Error: socket hang up
22 info trying registry request attempt 2 at 20:00:35
23 http GET https://registry.npmjs.org/hexo-cli
24 info retry will retry, error on last attempt: Error: socket hang up
25 info trying registry request attempt 3 at 20:02:37
26 http GET https://registry.npmjs.org/hexo-cli
27 http 200 https://registry.npmjs.org/hexo-cli
28 silly registry.get cb [ 200,
28 silly registry.get   { server: 'CouchDB/1.5.0 (Erlang OTP/R16B03)',
28 silly registry.get     etag: '"8GPIIL9TMJ7642664SKQ52TI2"',
28 silly registry.get     'content-type': 'application/json',
28 silly registry.get     'cache-control': 'max-age=300',
28 silly registry.get     'content-length': '24103',
28 silly registry.get     'accept-ranges': 'bytes',
28 silly registry.get     date: 'Fri, 08 Apr 2016 12:02:56 GMT',
28 silly registry.get     via: '1.1 varnish',
28 silly registry.get     age: '0',
28 silly registry.get     connection: 'keep-alive',
28 silly registry.get     'x-served-by': 'cache-nrt6121-NRT',
28 silly registry.get     'x-cache': 'MISS',
28 silly registry.get     'x-cache-hits': '0',
28 silly registry.get     'x-timer': 'S1460116975.631815,VS0,VE384',
28 silly registry.get     vary: 'Accept-Encoding' } ]
29 silly addNameRange number 2 { name: 'hexo-cli', range: '*', hasData: true }
30 silly addNameRange versions [ 'hexo-cli',
30 silly addNameRange   [ '0.0.1',
30 silly addNameRange     '0.1.0',
30 silly addNameRange     '0.1.1',
30 silly addNameRange     '0.1.2',
30 silly addNameRange     '0.1.3',
30 silly addNameRange     '0.1.4',
30 silly addNameRange     '0.1.5',
30 silly addNameRange     '0.1.6',
30 silly addNameRange     '0.1.7',
30 silly addNameRange     '0.1.8',
30 silly addNameRange     '0.1.9',
30 silly addNameRange     '0.2.0',
30 silly addNameRange     '0.2.1',
30 silly addNameRange     '1.0.0',
30 silly addNameRange     '1.0.1' ] ]
31 verbose addNamed [ 'hexo-cli', '1.0.1' ]
32 verbose addNamed [ '1.0.1', '1.0.1' ]
33 silly lockFile 31bc8ec8-hexo-cli-1-0-1 hexo-cli@1.0.1
34 verbose lock hexo-cli@1.0.1 /home/chengyi/.npm/31bc8ec8-hexo-cli-1-0-1.lock
35 silly lockFile 0f399b20--org-hexo-cli-hexo-cli-1-0-1-tgz https://registry.npmjs.org/hexo-cli/-/hexo-cli-1.0.1.tgz
36 verbose lock https://registry.npmjs.org/hexo-cli/-/hexo-cli-1.0.1.tgz /home/chengyi/.npm/0f399b20--org-hexo-cli-hexo-cli-1-0-1-tgz.lock
37 verbose addRemoteTarball [ 'https://registry.npmjs.org/hexo-cli/-/hexo-cli-1.0.1.tgz',
37 verbose addRemoteTarball   '8bcc28975ebaa636c8d9594868240727aadc734f' ]
38 info retry fetch attempt 1 at 20:02:57
39 verbose fetch to= /home/chengyi/tmp/npm-1148-kg6CePC-/1460116977835-0.6711359012406319/tmp.tgz
40 http GET https://registry.npmjs.org/hexo-cli/-/hexo-cli-1.0.1.tgz
41 error fetch failed https://registry.npmjs.org/hexo-cli/-/hexo-cli-1.0.1.tgz
42 info retry will retry, error on last attempt: Error: socket hang up
43 info retry fetch attempt 2 at 20:04:10
44 verbose fetch to= /home/chengyi/tmp/npm-1148-kg6CePC-/1460116977835-0.6711359012406319/tmp.tgz
45 http GET https://registry.npmjs.org/hexo-cli/-/hexo-cli-1.0.1.tgz
46 error fetch failed https://registry.npmjs.org/hexo-cli/-/hexo-cli-1.0.1.tgz
47 info retry will retry, error on last attempt: Error: connect ETIMEDOUT
48 info retry fetch attempt 3 at 20:07:17
49 verbose fetch to= /home/chengyi/tmp/npm-1148-kg6CePC-/1460116977835-0.6711359012406319/tmp.tgz
50 http GET https://registry.npmjs.org/hexo-cli/-/hexo-cli-1.0.1.tgz
51 error fetch failed https://registry.npmjs.org/hexo-cli/-/hexo-cli-1.0.1.tgz
52 silly lockFile 0f399b20--org-hexo-cli-hexo-cli-1-0-1-tgz https://registry.npmjs.org/hexo-cli/-/hexo-cli-1.0.1.tgz
53 silly lockFile 0f399b20--org-hexo-cli-hexo-cli-1-0-1-tgz https://registry.npmjs.org/hexo-cli/-/hexo-cli-1.0.1.tgz
54 silly lockFile 31bc8ec8-hexo-cli-1-0-1 hexo-cli@1.0.1
55 silly lockFile 31bc8ec8-hexo-cli-1-0-1 hexo-cli@1.0.1
56 silly lockFile f0acc666-hexo-cli hexo-cli@
57 silly lockFile f0acc666-hexo-cli hexo-cli@
58 error network socket hang up
58 error network This is most likely not a problem with npm itself
58 error network and is related to network connectivity.
58 error network In most cases you are behind a proxy or have bad network settings.
58 error network
58 error network If you are behind a proxy, please make sure that the
58 error network 'proxy' config is set properly.  See: 'npm help config'
59 error System Linux 3.19.0-32-generic
60 error command "/usr/bin/nodejs" "/usr/bin/npm" "install" "-g" "hexo-cli"
61 error cwd /home/chengyi/code/blog
62 error node -v v0.10.25
63 error npm -v 1.3.10
64 error code ECONNRESET
65 verbose exit [ 1, true ]
